2025-08-14 00:11:13,474,C0001,pool-1-thread-1,PENDING,PROCESSING,1
2025-08-14 00:11:13,474,C0050,pool-1-thread-2,PENDING,PROCESSING,1
2025-08-14 00:11:13,474,C0064,pool-1-thread-5,PENDING,PROCESSING,1
2025-08-14 00:11:13,474,C0001,pool-1-thread-3,PROCESSING,PROCESSING,2
2025-08-14 00:11:13,474,C0017,pool-1-thread-4,PENDING,PROCESSING,1
2025-08-14 00:11:13,474,C0064,pool-1-thread-6,PROCESSING,PROCESSING,2
2025-08-14 00:11:13,474,C0045,pool-1-thread-7,PENDING,PROCESSING,1
2025-08-14 00:11:13,474,C0065,pool-1-thread-8,PENDING,PROCESSING,1
2025-08-14 00:11:13,556,C0001,pool-1-thread-1,PROCESSING,PENDING,1
2025-08-14 00:11:13,557,C0077,pool-1-thread-1,PENDING,PROCESSING,1
2025-08-14 00:11:13,622,C0065,pool-1-thread-8,PROCESSING,APPROVED,1
2025-08-14 00:11:13,623,C0077,pool-1-thread-8,PROCESSING,PROCESSING,2
2025-08-14 00:11:13,637,C0050,pool-1-thread-2,PROCESSING,APPROVED,1
2025-08-14 00:11:13,637,C0018,pool-1-thread-2,PENDING,PROCESSING,1
2025-08-14 00:11:13,642,C0064,pool-1-thread-5,PROCESSING,APPROVED,1
2025-08-14 00:11:13,642,C0077,pool-1-thread-5,PROCESSING,PROCESSING,3
2025-08-14 00:11:13,695,C0017,pool-1-thread-4,PROCESSING,APPROVED,1
2025-08-14 00:11:13,696,C0018,pool-1-thread-4,PROCESSING,PROCESSING,2
2025-08-14 00:11:13,709,C0064,pool-1-thread-6,PROCESSING,APPROVED,2
2025-08-14 00:11:13,709,C0001,pool-1-thread-3,PROCESSING,APPROVED,2
2025-08-14 00:11:13,709,C0028,pool-1-thread-6,PENDING,PROCESSING,1
2025-08-14 00:11:13,709,C0077,pool-1-thread-3,PROCESSING,PROCESSING,4
2025-08-14 00:11:13,713,C0077,pool-1-thread-8,PROCESSING,PENDING,2
2025-08-14 00:11:13,713,C0062,pool-1-thread-8,PENDING,PROCESSING,1
2025-08-14 00:11:13,718,C0045,pool-1-thread-7,PROCESSING,APPROVED,1
2025-08-14 00:11:13,719,C0018,pool-1-thread-7,PROCESSING,PROCESSING,3
2025-08-14 00:11:13,768,C0077,pool-1-thread-1,PROCESSING,APPROVED,1
2025-08-14 00:11:13,768,C0028,pool-1-thread-1,PROCESSING,PROCESSING,2
2025-08-14 00:11:13,791,C0062,pool-1-thread-8,PROCESSING,APPROVED,1
2025-08-14 00:11:13,791,C0077,pool-1-thread-8,APPROVED,PROCESSING,5
2025-08-14 00:11:13,810,C0028,pool-1-thread-6,PROCESSING,APPROVED,1
2025-08-14 00:11:13,810,C0062,pool-1-thread-6,APPROVED,PROCESSING,2
2025-08-14 00:11:13,811,C0077,pool-1-thread-5,PROCESSING,APPROVED,3
2025-08-14 00:11:13,811,C0018,pool-1-thread-5,PROCESSING,PROCESSING,4
2025-08-14 00:11:13,819,C0018,pool-1-thread-4,PROCESSING,APPROVED,2
2025-08-14 00:11:13,819,C0028,pool-1-thread-4,APPROVED,PROCESSING,3
2025-08-14 00:11:13,833,C0077,pool-1-thread-3,PROCESSING,APPROVED,4
2025-08-14 00:11:13,833,C0068,pool-1-thread-3,PENDING,PROCESSING,1
2025-08-14 00:11:13,853,C0018,pool-1-thread-2,PROCESSING,APPROVED,1
2025-08-14 00:11:13,853,C0018,pool-1-thread-2,APPROVED,PROCESSING,5
2025-08-14 00:11:13,869,C0077,pool-1-thread-8,PROCESSING,ESCALATED,5
2025-08-14 00:11:13,869,C0028,pool-1-thread-8,PROCESSING,PROCESSING,4
2025-08-14 00:11:13,884,C0028,pool-1-thread-1,PROCESSING,APPROVED,2
2025-08-14 00:11:13,885,C0068,pool-1-thread-1,PROCESSING,PROCESSING,2
2025-08-14 00:11:13,897,C0018,pool-1-thread-7,PROCESSING,APPROVED,3
2025-08-14 00:11:13,897,C0077,pool-1-thread-7,ESCALATED,PROCESSING,6
2025-08-14 00:11:13,975,C0018,pool-1-thread-5,PROCESSING,APPROVED,4
2025-08-14 00:11:13,975,C0055,pool-1-thread-5,PENDING,PROCESSING,1
2025-08-14 00:11:13,975,C0028,pool-1-thread-8,PROCESSING,ESCALATED,4
2025-08-14 00:11:13,975,C0062,pool-1-thread-8,PROCESSING,PROCESSING,3
2025-08-14 00:11:13,976,C0018,pool-1-thread-2,PROCESSING,APPROVED,5
2025-08-14 00:11:13,976,C0018,pool-1-thread-2,APPROVED,PROCESSING,6
2025-08-14 00:11:14,018,C0062,pool-1-thread-6,PROCESSING,APPROVED,2
2025-08-14 00:11:14,019,C0007,pool-1-thread-6,PENDING,PROCESSING,1
2025-08-14 00:11:14,030,C0062,pool-1-thread-8,PROCESSING,ESCALATED,3
2025-08-14 00:11:14,030,C0028,pool-1-thread-8,ESCALATED,PROCESSING,5
2025-08-14 00:11:14,036,C0055,pool-1-thread-5,PROCESSING,PENDING,1
2025-08-14 00:11:14,036,C0068,pool-1-thread-5,PROCESSING,PROCESSING,3
2025-08-14 00:11:14,041,C0028,pool-1-thread-4,PROCESSING,APPROVED,3
2025-08-14 00:11:14,042,C0077,pool-1-thread-4,PROCESSING,PROCESSING,7
2025-08-14 00:11:14,067,C0068,pool-1-thread-1,PROCESSING,APPROVED,2
2025-08-14 00:11:14,067,C0055,pool-1-thread-1,PENDING,PROCESSING,2
2025-08-14 00:11:14,077,C0068,pool-1-thread-3,PROCESSING,APPROVED,1
2025-08-14 00:11:14,077,C0062,pool-1-thread-3,ESCALATED,PROCESSING,4
2025-08-14 00:11:14,101,C0077,pool-1-thread-7,PROCESSING,APPROVED,6
2025-08-14 00:11:14,102,C0018,pool-1-thread-7,PROCESSING,PROCESSING,7
2025-08-14 00:11:14,109,C0077,pool-1-thread-4,PROCESSING,APPROVED,7
2025-08-14 00:11:14,109,C0007,pool-1-thread-4,PROCESSING,PROCESSING,2
2025-08-14 00:11:14,133,C0062,pool-1-thread-3,PROCESSING,ESCALATED,4
2025-08-14 00:11:14,134,C0005,pool-1-thread-3,PENDING,PROCESSING,1
2025-08-14 00:11:14,162,C0018,pool-1-thread-2,PROCESSING,ESCALATED,6
2025-08-14 00:11:14,162,C0028,pool-1-thread-2,APPROVED,PROCESSING,6
2025-08-14 00:11:14,201,C0007,pool-1-thread-4,PROCESSING,PENDING,2
2025-08-14 00:11:14,202,C0068,pool-1-thread-4,APPROVED,PROCESSING,4
2025-08-14 00:11:14,216,C0028,pool-1-thread-8,PROCESSING,APPROVED,5
2025-08-14 00:11:14,217,C0077,pool-1-thread-8,APPROVED,PROCESSING,8
2025-08-14 00:11:14,225,C0068,pool-1-thread-5,PROCESSING,APPROVED,3
2025-08-14 00:11:14,226,C0055,pool-1-thread-5,PROCESSING,PROCESSING,3
2025-08-14 00:11:14,234,C0055,pool-1-thread-1,PROCESSING,APPROVED,2
2025-08-14 00:11:14,234,C0062,pool-1-thread-1,ESCALATED,PROCESSING,5
2025-08-14 00:11:14,239,C0007,pool-1-thread-6,PROCESSING,APPROVED,1
2025-08-14 00:11:14,239,C0018,pool-1-thread-6,ESCALATED,PROCESSING,8
2025-08-14 00:11:14,258,C0005,pool-1-thread-3,PROCESSING,APPROVED,1
2025-08-14 00:11:14,258,C0007,pool-1-thread-3,APPROVED,PROCESSING,3
2025-08-14 00:11:14,300,C0055,pool-1-thread-5,PROCESSING,ESCALATED,3
2025-08-14 00:11:14,301,C0005,pool-1-thread-5,APPROVED,PROCESSING,2
2025-08-14 00:11:14,335,C0018,pool-1-thread-7,PROCESSING,ESCALATED,7
2025-08-14 00:11:14,335,C0028,pool-1-thread-7,APPROVED,PROCESSING,7
2025-08-14 00:11:14,342,C0077,pool-1-thread-8,PROCESSING,APPROVED,8
2025-08-14 00:11:14,342,C0037,pool-1-thread-8,PENDING,PROCESSING,1
2025-08-14 00:11:14,370,C0018,pool-1-thread-6,PROCESSING,APPROVED,8
2025-08-14 00:11:14,370,C0068,pool-1-thread-6,APPROVED,PROCESSING,5
2025-08-14 00:11:14,411,C0028,pool-1-thread-2,PROCESSING,APPROVED,6
2025-08-14 00:11:14,411,C0077,pool-1-thread-2,APPROVED,PROCESSING,9
2025-08-14 00:11:14,413,C0007,pool-1-thread-3,PROCESSING,APPROVED,3
2025-08-14 00:11:14,413,C0068,pool-1-thread-4,PROCESSING,APPROVED,4
2025-08-14 00:11:14,413,C0055,pool-1-thread-3,ESCALATED,PROCESSING,4
2025-08-14 00:11:14,414,C0062,pool-1-thread-4,PROCESSING,PROCESSING,6
2025-08-14 00:11:14,415,C0062,pool-1-thread-1,PROCESSING,APPROVED,5
2025-08-14 00:11:14,415,C0018,pool-1-thread-1,APPROVED,PROCESSING,9
2025-08-14 00:11:14,458,C0037,pool-1-thread-8,PROCESSING,APPROVED,1
2025-08-14 00:11:14,459,C0007,pool-1-thread-8,APPROVED,PROCESSING,4
2025-08-14 00:11:14,489,C0068,pool-1-thread-6,PROCESSING,APPROVED,5
2025-08-14 00:11:14,490,C0005,pool-1-thread-6,PROCESSING,PROCESSING,3
2025-08-14 00:11:14,504,C0005,pool-1-thread-5,PROCESSING,APPROVED,2
2025-08-14 00:11:14,504,C0028,pool-1-thread-5,APPROVED,PROCESSING,8
2025-08-14 00:11:14,517,C0018,pool-1-thread-1,PROCESSING,REJECTED,9
2025-08-14 00:11:14,517,C0037,pool-1-thread-1,APPROVED,PROCESSING,2
2025-08-14 00:11:14,543,C0007,pool-1-thread-8,PROCESSING,APPROVED,4
2025-08-14 00:11:14,543,C0089,pool-1-thread-8,PENDING,PROCESSING,1
2025-08-14 00:11:14,573,C0037,pool-1-thread-1,PROCESSING,APPROVED,2
2025-08-14 00:11:14,573,C0068,pool-1-thread-1,APPROVED,PROCESSING,6
2025-08-14 00:11:14,574,C0028,pool-1-thread-7,PROCESSING,ESCALATED,7
2025-08-14 00:11:14,575,C0077,pool-1-thread-7,PROCESSING,PROCESSING,10
2025-08-14 00:11:14,601,C0062,pool-1-thread-4,PROCESSING,ESCALATED,6
2025-08-14 00:11:14,601,C0055,pool-1-thread-4,PROCESSING,PROCESSING,5
2025-08-14 00:11:14,636,C0028,pool-1-thread-5,PROCESSING,APPROVED,8
2025-08-14 00:11:14,636,C0062,pool-1-thread-5,ESCALATED,PROCESSING,7
2025-08-14 00:11:14,638,C0005,pool-1-thread-6,PROCESSING,ESCALATED,3
2025-08-14 00:11:14,638,C0018,pool-1-thread-6,REJECTED,PROCESSING,10
2025-08-14 00:11:14,649,C0089,pool-1-thread-8,PROCESSING,APPROVED,1
2025-08-14 00:11:14,650,C0007,pool-1-thread-8,APPROVED,PROCESSING,5
2025-08-14 00:11:14,653,C0055,pool-1-thread-3,PROCESSING,APPROVED,4
2025-08-14 00:11:14,653,C0005,pool-1-thread-3,ESCALATED,PROCESSING,4
2025-08-14 00:11:14,663,C0077,pool-1-thread-2,PROCESSING,APPROVED,9
2025-08-14 00:11:14,663,C0028,pool-1-thread-2,APPROVED,PROCESSING,9
2025-08-14 00:11:14,674,C0068,pool-1-thread-1,PROCESSING,APPROVED,6
2025-08-14 00:11:14,674,C0037,pool-1-thread-1,APPROVED,PROCESSING,3
2025-08-14 00:11:14,729,C0005,pool-1-thread-3,PROCESSING,ESCALATED,4
2025-08-14 00:11:14,729,C0089,pool-1-thread-3,APPROVED,PROCESSING,2
2025-08-14 00:11:14,764,C0077,pool-1-thread-7,PROCESSING,APPROVED,10
2025-08-14 00:11:14,764,C0068,pool-1-thread-7,APPROVED,PROCESSING,7
2025-08-14 00:11:14,787,C0089,pool-1-thread-3,PROCESSING,APPROVED,2
2025-08-14 00:11:14,787,C0077,pool-1-thread-3,APPROVED,PROCESSING,11
2025-08-14 00:11:14,810,C0007,pool-1-thread-8,PROCESSING,ESCALATED,5
2025-08-14 00:11:14,810,C0055,pool-1-thread-8,APPROVED,PROCESSING,6
2025-08-14 00:11:14,820,C0018,pool-1-thread-6,PROCESSING,APPROVED,10
2025-08-14 00:11:14,820,C0055,pool-1-thread-4,PROCESSING,APPROVED,5
2025-08-14 00:11:14,820,C0070,pool-1-thread-4,PENDING,PROCESSING,1
2025-08-14 00:11:14,820,C0062,pool-1-thread-6,PROCESSING,PROCESSING,8
2025-08-14 00:11:14,828,C0062,pool-1-thread-5,PROCESSING,APPROVED,7
2025-08-14 00:11:14,829,C0018,pool-1-thread-5,APPROVED,PROCESSING,11
2025-08-14 00:11:14,833,C0028,pool-1-thread-2,PROCESSING,ESCALATED,9
2025-08-14 00:11:14,834,C0007,pool-1-thread-2,ESCALATED,PROCESSING,6
2025-08-14 00:11:14,866,C0037,pool-1-thread-1,PROCESSING,ESCALATED,3
2025-08-14 00:11:14,867,C0005,pool-1-thread-1,ESCALATED,PROCESSING,5
2025-08-14 00:11:14,874,C0070,pool-1-thread-4,PROCESSING,APPROVED,1
2025-08-14 00:11:14,875,C0028,pool-1-thread-4,ESCALATED,PROCESSING,10
2025-08-14 00:11:14,880,C0055,pool-1-thread-8,PROCESSING,APPROVED,6
2025-08-14 00:11:14,880,C0037,pool-1-thread-8,ESCALATED,PROCESSING,4
2025-08-14 00:11:14,899,C0068,pool-1-thread-7,PROCESSING,APPROVED,7
2025-08-14 00:11:14,900,C0089,pool-1-thread-7,APPROVED,PROCESSING,3
2025-08-14 00:11:14,930,C0018,pool-1-thread-5,PROCESSING,ESCALATED,11
2025-08-14 00:11:14,931,C0068,pool-1-thread-5,APPROVED,PROCESSING,8
2025-08-14 00:11:14,934,C0007,pool-1-thread-2,PROCESSING,ESCALATED,6
2025-08-14 00:11:14,934,C0077,pool-1-thread-2,PROCESSING,PROCESSING,12
2025-08-14 00:11:14,955,C0077,pool-1-thread-3,PROCESSING,APPROVED,11
2025-08-14 00:11:14,956,C0055,pool-1-thread-3,APPROVED,PROCESSING,7
2025-08-14 00:11:14,985,C0037,pool-1-thread-8,PROCESSING,APPROVED,4
2025-08-14 00:11:14,985,C0062,pool-1-thread-8,APPROVED,PROCESSING,9
2025-08-14 00:11:15,001,C0005,pool-1-thread-1,PROCESSING,ESCALATED,5
2025-08-14 00:11:15,001,C0070,pool-1-thread-1,APPROVED,PROCESSING,2
2025-08-14 00:11:15,027,C0062,pool-1-thread-6,PROCESSING,ESCALATED,8
2025-08-14 00:11:15,027,C0093,pool-1-thread-6,PENDING,PROCESSING,1
2025-08-14 00:11:15,054,C0077,pool-1-thread-2,PROCESSING,APPROVED,12
2025-08-14 00:11:15,054,C0018,pool-1-thread-2,ESCALATED,PROCESSING,12
2025-08-14 00:11:15,061,C0028,pool-1-thread-4,PROCESSING,APPROVED,10
2025-08-14 00:11:15,061,C0007,pool-1-thread-4,ESCALATED,PROCESSING,7
2025-08-14 00:11:15,070,C0070,pool-1-thread-1,PROCESSING,APPROVED,2
2025-08-14 00:11:15,070,C0005,pool-1-thread-1,ESCALATED,PROCESSING,6
2025-08-14 00:11:15,088,C0055,pool-1-thread-3,PROCESSING,APPROVED,7
2025-08-14 00:11:15,088,C0028,pool-1-thread-3,APPROVED,PROCESSING,11
2025-08-14 00:11:15,139,C0068,pool-1-thread-5,PROCESSING,APPROVED,8
2025-08-14 00:11:15,139,C0037,pool-1-thread-5,APPROVED,PROCESSING,5
2025-08-14 00:11:15,145,C0093,pool-1-thread-6,PROCESSING,REJECTED,1
2025-08-14 00:11:15,145,C0089,pool-1-thread-6,PROCESSING,PROCESSING,4
2025-08-14 00:11:15,147,C0089,pool-1-thread-7,PROCESSING,APPROVED,3
2025-08-14 00:11:15,147,C0068,pool-1-thread-7,APPROVED,PROCESSING,9
2025-08-14 00:11:15,175,C0005,pool-1-thread-1,PROCESSING,APPROVED,6
2025-08-14 00:11:15,175,C0077,pool-1-thread-1,APPROVED,PROCESSING,13
2025-08-14 00:11:15,187,C0062,pool-1-thread-8,PROCESSING,APPROVED,9
2025-08-14 00:11:15,187,C0055,pool-1-thread-8,APPROVED,PROCESSING,8
2025-08-14 00:11:15,229,C0028,pool-1-thread-3,PROCESSING,ESCALATED,11
2025-08-14 00:11:15,229,C0018,pool-1-thread-2,PROCESSING,APPROVED,12
2025-08-14 00:11:15,230,C0053,pool-1-thread-2,PENDING,PROCESSING,1
2025-08-14 00:11:15,230,C0062,pool-1-thread-3,APPROVED,PROCESSING,10
2025-08-14 00:11:15,249,C0089,pool-1-thread-6,PROCESSING,REJECTED,4
2025-08-14 00:11:15,249,C0070,pool-1-thread-6,APPROVED,PROCESSING,3
2025-08-14 00:11:15,254,C0007,pool-1-thread-4,PROCESSING,APPROVED,7
2025-08-14 00:11:15,254,C0093,pool-1-thread-4,REJECTED,PROCESSING,2
2025-08-14 00:11:15,286,C0055,pool-1-thread-8,PROCESSING,ESCALATED,8
2025-08-14 00:11:15,286,C0018,pool-1-thread-8,APPROVED,PROCESSING,13
2025-08-14 00:11:15,317,C0062,pool-1-thread-3,PROCESSING,APPROVED,10
2025-08-14 00:11:15,317,C0007,pool-1-thread-3,APPROVED,PROCESSING,8
2025-08-14 00:11:15,325,C0093,pool-1-thread-4,PROCESSING,APPROVED,2
2025-08-14 00:11:15,325,C0005,pool-1-thread-4,APPROVED,PROCESSING,7
2025-08-14 00:11:15,343,C0037,pool-1-thread-5,PROCESSING,APPROVED,5
2025-08-14 00:11:15,343,C0028,pool-1-thread-5,ESCALATED,PROCESSING,12
2025-08-14 00:11:15,349,C0068,pool-1-thread-7,PROCESSING,ESCALATED,9
2025-08-14 00:11:15,349,C0037,pool-1-thread-7,APPROVED,PROCESSING,6
2025-08-14 00:11:15,358,C0018,pool-1-thread-8,PROCESSING,APPROVED,13
2025-08-14 00:11:15,358,C0089,pool-1-thread-8,REJECTED,PROCESSING,5
2025-08-14 00:11:15,394,C0053,pool-1-thread-2,PROCESSING,APPROVED,1
2025-08-14 00:11:15,395,C0068,pool-1-thread-2,ESCALATED,PROCESSING,10
2025-08-14 00:11:15,405,C0070,pool-1-thread-6,PROCESSING,APPROVED,3
2025-08-14 00:11:15,405,C0077,pool-1-thread-6,PROCESSING,PROCESSING,14
2025-08-14 00:11:15,417,C0007,pool-1-thread-3,PROCESSING,APPROVED,8
2025-08-14 00:11:15,417,C0055,pool-1-thread-3,ESCALATED,PROCESSING,9
2025-08-14 00:11:15,419,C0077,pool-1-thread-1,PROCESSING,ESCALATED,13
2025-08-14 00:11:15,419,C0053,pool-1-thread-1,APPROVED,PROCESSING,2
2025-08-14 00:11:15,450,C0037,pool-1-thread-7,PROCESSING,APPROVED,6
2025-08-14 00:11:15,450,C0086,pool-1-thread-7,PENDING,PROCESSING,1
2025-08-14 00:11:15,462,C0068,pool-1-thread-2,PROCESSING,APPROVED,10
2025-08-14 00:11:15,462,C0062,pool-1-thread-2,APPROVED,PROCESSING,11
2025-08-14 00:11:15,499,C0028,pool-1-thread-5,PROCESSING,APPROVED,12
2025-08-14 00:11:15,499,C0053,pool-1-thread-1,PROCESSING,APPROVED,2
2025-08-14 00:11:15,499,C0070,pool-1-thread-5,APPROVED,PROCESSING,4
2025-08-14 00:11:15,499,C0093,pool-1-thread-1,APPROVED,PROCESSING,3
2025-08-14 00:11:15,534,C0077,pool-1-thread-6,PROCESSING,APPROVED,14
2025-08-14 00:11:15,534,C0018,pool-1-thread-6,APPROVED,PROCESSING,14
2025-08-14 00:11:15,551,C0089,pool-1-thread-8,PROCESSING,APPROVED,5
2025-08-14 00:11:15,552,C0007,pool-1-thread-8,APPROVED,PROCESSING,9
2025-08-14 00:11:15,553,C0005,pool-1-thread-4,PROCESSING,APPROVED,7
2025-08-14 00:11:15,553,C0005,pool-1-thread-4,APPROVED,PROCESSING,8
2025-08-14 00:11:15,602,C0093,pool-1-thread-1,PROCESSING,ESCALATED,3
2025-08-14 00:11:15,603,C0028,pool-1-thread-1,APPROVED,PROCESSING,13
2025-08-14 00:11:15,627,C0070,pool-1-thread-5,PROCESSING,APPROVED,4
2025-08-14 00:11:15,628,C0037,pool-1-thread-5,APPROVED,PROCESSING,7
2025-08-14 00:11:15,644,C0086,pool-1-thread-7,PROCESSING,APPROVED,1
2025-08-14 00:11:15,644,C0089,pool-1-thread-7,APPROVED,PROCESSING,6
2025-08-14 00:11:15,669,C0062,pool-1-thread-2,PROCESSING,APPROVED,11
2025-08-14 00:11:15,669,C0055,pool-1-thread-3,PROCESSING,APPROVED,9
2025-08-14 00:11:15,669,C0068,pool-1-thread-2,APPROVED,PROCESSING,11
2025-08-14 00:11:15,669,C0077,pool-1-thread-3,APPROVED,PROCESSING,15
2025-08-14 00:11:15,722,C0005,pool-1-thread-4,PROCESSING,APPROVED,8
2025-08-14 00:11:15,723,C0055,pool-1-thread-4,APPROVED,PROCESSING,10
2025-08-14 00:11:15,747,C0018,pool-1-thread-6,PROCESSING,ESCALATED,14
2025-08-14 00:11:15,748,C0066,pool-1-thread-6,PENDING,PROCESSING,1
2025-08-14 00:11:15,748,C0077,pool-1-thread-3,PROCESSING,ESCALATED,15
2025-08-14 00:11:15,749,C0053,pool-1-thread-3,APPROVED,PROCESSING,3
2025-08-14 00:11:15,764,C0068,pool-1-thread-2,PROCESSING,APPROVED,11
2025-08-14 00:11:15,764,C0086,pool-1-thread-2,APPROVED,PROCESSING,2
2025-08-14 00:11:15,771,C0007,pool-1-thread-8,PROCESSING,ESCALATED,9
2025-08-14 00:11:15,772,C0062,pool-1-thread-8,APPROVED,PROCESSING,12
2025-08-14 00:11:15,805,C0089,pool-1-thread-7,PROCESSING,APPROVED,6
2025-08-14 00:11:15,806,C0070,pool-1-thread-7,APPROVED,PROCESSING,5
2025-08-14 00:11:15,835,C0028,pool-1-thread-1,PROCESSING,APPROVED,13
2025-08-14 00:11:15,835,C0093,pool-1-thread-1,ESCALATED,PROCESSING,4
2025-08-14 00:11:15,847,C0066,pool-1-thread-6,PROCESSING,APPROVED,1
2025-08-14 00:11:15,847,C0018,pool-1-thread-6,ESCALATED,PROCESSING,15
2025-08-14 00:11:15,850,C0037,pool-1-thread-5,PROCESSING,APPROVED,7
2025-08-14 00:11:15,850,C0007,pool-1-thread-5,ESCALATED,PROCESSING,10
2025-08-14 00:11:15,861,C0062,pool-1-thread-8,PROCESSING,APPROVED,12
2025-08-14 00:11:15,861,C0005,pool-1-thread-8,APPROVED,PROCESSING,9
2025-08-14 00:11:15,917,C0055,pool-1-thread-4,PROCESSING,APPROVED,10
2025-08-14 00:11:15,918,C0028,pool-1-thread-4,APPROVED,PROCESSING,14
2025-08-14 00:11:15,934,C0053,pool-1-thread-3,PROCESSING,APPROVED,3
2025-08-14 00:11:15,934,C0037,pool-1-thread-3,APPROVED,PROCESSING,8
2025-08-14 00:11:15,979,C0007,pool-1-thread-5,PROCESSING,APPROVED,10
2025-08-14 00:11:15,979,C0089,pool-1-thread-5,APPROVED,PROCESSING,7
2025-08-14 00:11:15,990,C0093,pool-1-thread-1,PROCESSING,APPROVED,4
2025-08-14 00:11:15,990,C0070,pool-1-thread-7,PROCESSING,APPROVED,5
2025-08-14 00:11:15,990,C0068,pool-1-thread-1,APPROVED,PROCESSING,12
2025-08-14 00:11:15,991,C0077,pool-1-thread-7,ESCALATED,PROCESSING,16
2025-08-14 00:11:16,016,C0086,pool-1-thread-2,PROCESSING,APPROVED,2
2025-08-14 00:11:16,016,C0055,pool-1-thread-2,APPROVED,PROCESSING,11
2025-08-14 00:11:16,048,C0005,pool-1-thread-8,PROCESSING,APPROVED,9
2025-08-14 00:11:16,048,C0066,pool-1-thread-8,APPROVED,PROCESSING,2
2025-08-14 00:11:16,061,C0018,pool-1-thread-6,PROCESSING,ESCALATED,15
2025-08-14 00:11:16,062,C0099,pool-1-thread-6,PENDING,PROCESSING,1
2025-08-14 00:11:16,076,C0089,pool-1-thread-5,PROCESSING,APPROVED,7
2025-08-14 00:11:16,077,C0053,pool-1-thread-5,APPROVED,PROCESSING,4
2025-08-14 00:11:16,090,C0028,pool-1-thread-4,PROCESSING,ESCALATED,14
2025-08-14 00:11:16,091,C0086,pool-1-thread-4,APPROVED,PROCESSING,3
2025-08-14 00:11:16,096,C0037,pool-1-thread-3,PROCESSING,REJECTED,8
2025-08-14 00:11:16,096,C0062,pool-1-thread-3,APPROVED,PROCESSING,13
2025-08-14 00:11:16,106,C0066,pool-1-thread-8,PROCESSING,APPROVED,2
2025-08-14 00:11:16,106,C0070,pool-1-thread-8,APPROVED,PROCESSING,6
2025-08-14 00:11:16,132,C0053,pool-1-thread-5,PROCESSING,APPROVED,4
2025-08-14 00:11:16,132,C0093,pool-1-thread-5,APPROVED,PROCESSING,5
2025-08-14 00:11:16,182,C0077,pool-1-thread-7,PROCESSING,APPROVED,16
2025-08-14 00:11:16,182,C0018,pool-1-thread-7,ESCALATED,PROCESSING,16
2025-08-14 00:11:16,188,C0093,pool-1-thread-5,PROCESSING,APPROVED,5
2025-08-14 00:11:16,188,C0007,pool-1-thread-5,APPROVED,PROCESSING,11
2025-08-14 00:11:16,203,C0086,pool-1-thread-4,PROCESSING,APPROVED,3
2025-08-14 00:11:16,203,C0005,pool-1-thread-4,APPROVED,PROCESSING,10
2025-08-14 00:11:16,211,C0055,pool-1-thread-2,PROCESSING,APPROVED,11
2025-08-14 00:11:16,212,C0028,pool-1-thread-2,ESCALATED,PROCESSING,15
2025-08-14 00:11:16,220,C0070,pool-1-thread-8,PROCESSING,APPROVED,6
2025-08-14 00:11:16,220,C0037,pool-1-thread-8,REJECTED,PROCESSING,9
2025-08-14 00:11:16,226,C0068,pool-1-thread-1,PROCESSING,APPROVED,12
2025-08-14 00:11:16,226,C0089,pool-1-thread-1,APPROVED,PROCESSING,8
2025-08-14 00:11:16,253,C0099,pool-1-thread-6,PROCESSING,APPROVED,1
2025-08-14 00:11:16,253,C0068,pool-1-thread-6,APPROVED,PROCESSING,13
2025-08-14 00:11:16,289,C0007,pool-1-thread-5,PROCESSING,APPROVED,11
2025-08-14 00:11:16,290,C0077,pool-1-thread-5,APPROVED,PROCESSING,17
2025-08-14 00:11:16,306,C0028,pool-1-thread-2,PROCESSING,APPROVED,15
2025-08-14 00:11:16,306,C0055,pool-1-thread-2,APPROVED,PROCESSING,12
2025-08-14 00:11:16,312,C0062,pool-1-thread-3,PROCESSING,APPROVED,13
2025-08-14 00:11:16,312,C0066,pool-1-thread-3,APPROVED,PROCESSING,3
2025-08-14 00:11:16,320,C0089,pool-1-thread-1,PROCESSING,APPROVED,8
2025-08-14 00:11:16,320,C0099,pool-1-thread-1,APPROVED,PROCESSING,2
2025-08-14 00:11:16,361,C0018,pool-1-thread-7,PROCESSING,APPROVED,16
2025-08-14 00:11:16,361,C0088,pool-1-thread-7,PENDING,PROCESSING,1
2025-08-14 00:11:16,365,C0037,pool-1-thread-8,PROCESSING,APPROVED,9
2025-08-14 00:11:16,365,C0053,pool-1-thread-8,APPROVED,PROCESSING,5
2025-08-14 00:11:16,378,C0099,pool-1-thread-1,PROCESSING,APPROVED,2
2025-08-14 00:11:16,378,C0086,pool-1-thread-1,APPROVED,PROCESSING,4
2025-08-14 00:11:16,395,C0077,pool-1-thread-5,PROCESSING,ESCALATED,17
2025-08-14 00:11:16,395,C0062,pool-1-thread-5,APPROVED,PROCESSING,14
2025-08-14 00:11:16,433,C0005,pool-1-thread-4,PROCESSING,ESCALATED,10
2025-08-14 00:11:16,434,C0070,pool-1-thread-4,APPROVED,PROCESSING,7
2025-08-14 00:11:16,470,C0062,pool-1-thread-5,PROCESSING,APPROVED,14
2025-08-14 00:11:16,470,C0093,pool-1-thread-5,APPROVED,PROCESSING,6
2025-08-14 00:11:16,486,C0086,pool-1-thread-1,PROCESSING,APPROVED,4
2025-08-14 00:11:16,486,C0068,pool-1-thread-6,PROCESSING,APPROVED,13
2025-08-14 00:11:16,486,C0007,pool-1-thread-1,APPROVED,PROCESSING,12
2025-08-14 00:11:16,486,C0005,pool-1-thread-6,ESCALATED,PROCESSING,11
2025-08-14 00:11:16,508,C0055,pool-1-thread-2,PROCESSING,APPROVED,12
2025-08-14 00:11:16,509,C0104,pool-1-thread-2,PENDING,PROCESSING,1
2025-08-14 00:11:16,541,C0066,pool-1-thread-3,PROCESSING,APPROVED,3
2025-08-14 00:11:16,541,C0028,pool-1-thread-3,APPROVED,PROCESSING,16
2025-08-14 00:11:16,566,C0053,pool-1-thread-8,PROCESSING,APPROVED,5
2025-08-14 00:11:16,566,C0089,pool-1-thread-8,APPROVED,PROCESSING,9
2025-08-14 00:11:16,584,C0088,pool-1-thread-7,PROCESSING,APPROVED,1
2025-08-14 00:11:16,584,C0068,pool-1-thread-7,APPROVED,PROCESSING,14
2025-08-14 00:11:16,594,C0093,pool-1-thread-5,PROCESSING,REJECTED,6
2025-08-14 00:11:16,594,C0066,pool-1-thread-5,APPROVED,PROCESSING,4
2025-08-14 00:11:16,654,C0007,pool-1-thread-1,PROCESSING,APPROVED,12
2025-08-14 00:11:16,654,C0088,pool-1-thread-1,APPROVED,PROCESSING,2
2025-08-14 00:11:16,669,C0070,pool-1-thread-4,PROCESSING,APPROVED,7
2025-08-14 00:11:16,669,C0086,pool-1-thread-4,APPROVED,PROCESSING,5
2025-08-14 00:11:16,671,C0005,pool-1-thread-6,PROCESSING,APPROVED,11
2025-08-14 00:11:16,671,C0062,pool-1-thread-6,APPROVED,PROCESSING,15
2025-08-14 00:11:16,674,C0066,pool-1-thread-5,PROCESSING,ESCALATED,4
2025-08-14 00:11:16,674,C0018,pool-1-thread-5,APPROVED,PROCESSING,17
2025-08-14 00:11:16,702,C0104,pool-1-thread-2,PROCESSING,PENDING,1
2025-08-14 00:11:16,702,C0037,pool-1-thread-2,APPROVED,PROCESSING,10
2025-08-14 00:11:16,774,C0068,pool-1-thread-7,PROCESSING,APPROVED,14
2025-08-14 00:11:16,774,C0099,pool-1-thread-7,APPROVED,PROCESSING,3
2025-08-14 00:11:16,776,C0018,pool-1-thread-5,PROCESSING,APPROVED,17
2025-08-14 00:11:16,776,C0055,pool-1-thread-5,APPROVED,PROCESSING,13
2025-08-14 00:11:16,791,C0028,pool-1-thread-3,PROCESSING,ESCALATED,16
2025-08-14 00:11:16,792,C0077,pool-1-thread-3,ESCALATED,PROCESSING,18
2025-08-14 00:11:16,797,C0089,pool-1-thread-8,PROCESSING,APPROVED,9
2025-08-14 00:11:16,797,C0053,pool-1-thread-8,APPROVED,PROCESSING,6
2025-08-14 00:11:16,798,C0037,pool-1-thread-2,PROCESSING,APPROVED,10
2025-08-14 00:11:16,798,C0070,pool-1-thread-2,APPROVED,PROCESSING,8
2025-08-14 00:11:16,801,C0088,pool-1-thread-1,PROCESSING,APPROVED,2
2025-08-14 00:11:16,801,C0093,pool-1-thread-1,REJECTED,PROCESSING,7
2025-08-14 00:11:16,833,C0086,pool-1-thread-4,PROCESSING,APPROVED,5
2025-08-14 00:11:16,833,C0007,pool-1-thread-4,APPROVED,PROCESSING,13
2025-08-14 00:11:16,866,C0099,pool-1-thread-7,PROCESSING,ESCALATED,3
2025-08-14 00:11:16,866,C0106,pool-1-thread-7,PENDING,PROCESSING,1
2025-08-14 00:11:16,890,C0093,pool-1-thread-1,PROCESSING,ESCALATED,7
2025-08-14 00:11:16,891,C0005,pool-1-thread-1,APPROVED,PROCESSING,12
2025-08-14 00:11:16,912,C0070,pool-1-thread-2,PROCESSING,APPROVED,8
2025-08-14 00:11:16,912,C0104,pool-1-thread-2,PENDING,PROCESSING,2
2025-08-14 00:11:16,918,C0062,pool-1-thread-6,PROCESSING,APPROVED,15
2025-08-14 00:11:16,919,C0028,pool-1-thread-6,ESCALATED,PROCESSING,17
2025-08-14 00:11:16,928,C0053,pool-1-thread-8,PROCESSING,APPROVED,6
2025-08-14 00:11:16,928,C0089,pool-1-thread-8,APPROVED,PROCESSING,10
2025-08-14 00:11:16,937,C0055,pool-1-thread-5,PROCESSING,ESCALATED,13
2025-08-14 00:11:16,937,C0068,pool-1-thread-5,APPROVED,PROCESSING,15
2025-08-14 00:11:16,984,C0028,pool-1-thread-6,PROCESSING,APPROVED,17
2025-08-14 00:11:16,984,C0077,pool-1-thread-3,PROCESSING,APPROVED,18
2025-08-14 00:11:16,984,C0066,pool-1-thread-6,ESCALATED,PROCESSING,5
2025-08-14 00:11:16,984,C0088,pool-1-thread-3,APPROVED,PROCESSING,3
2025-08-14 00:11:16,993,C0106,pool-1-thread-7,PROCESSING,APPROVED,1
2025-08-14 00:11:16,994,C0086,pool-1-thread-7,APPROVED,PROCESSING,6
2025-08-14 00:11:17,036,C0007,pool-1-thread-4,PROCESSING,APPROVED,13
2025-08-14 00:11:17,037,C0062,pool-1-thread-4,APPROVED,PROCESSING,16
2025-08-14 00:11:17,062,C0068,pool-1-thread-5,PROCESSING,APPROVED,15
2025-08-14 00:11:17,063,C0018,pool-1-thread-5,APPROVED,PROCESSING,18
2025-08-14 00:11:17,064,C0005,pool-1-thread-1,PROCESSING,APPROVED,12
2025-08-14 00:11:17,064,C0037,pool-1-thread-1,APPROVED,PROCESSING,11
2025-08-14 00:11:17,088,C0104,pool-1-thread-2,PROCESSING,APPROVED,2
2025-08-14 00:11:17,089,C0099,pool-1-thread-2,ESCALATED,PROCESSING,4
2025-08-14 00:11:17,094,C0062,pool-1-thread-4,PROCESSING,APPROVED,16
2025-08-14 00:11:17,095,C0055,pool-1-thread-4,ESCALATED,PROCESSING,14
2025-08-14 00:11:17,101,C0089,pool-1-thread-8,PROCESSING,APPROVED,10
2025-08-14 00:11:17,102,C0077,pool-1-thread-8,APPROVED,PROCESSING,19
2025-08-14 00:11:17,126,C0037,pool-1-thread-1,PROCESSING,ESCALATED,11
2025-08-14 00:11:17,127,C0053,pool-1-thread-1,APPROVED,PROCESSING,7
2025-08-14 00:11:17,134,C0086,pool-1-thread-7,PROCESSING,APPROVED,6
2025-08-14 00:11:17,134,C0070,pool-1-thread-7,APPROVED,PROCESSING,9
2025-08-14 00:11:17,142,C0066,pool-1-thread-6,PROCESSING,APPROVED,5
2025-08-14 00:11:17,142,C0093,pool-1-thread-6,ESCALATED,PROCESSING,8
2025-08-14 00:11:17,197,C0077,pool-1-thread-8,PROCESSING,APPROVED,19
2025-08-14 00:11:17,197,C0007,pool-1-thread-8,APPROVED,PROCESSING,14
2025-08-14 00:11:17,220,C0099,pool-1-thread-2,PROCESSING,APPROVED,4
2025-08-14 00:11:17,221,C0106,pool-1-thread-2,APPROVED,PROCESSING,2
2025-08-14 00:11:17,238,C0088,pool-1-thread-3,PROCESSING,APPROVED,3
2025-08-14 00:11:17,238,C0005,pool-1-thread-3,APPROVED,PROCESSING,13
2025-08-14 00:11:17,268,C0018,pool-1-thread-5,PROCESSING,APPROVED,18
2025-08-14 00:11:17,269,C0104,pool-1-thread-5,APPROVED,PROCESSING,3
2025-08-14 00:11:17,276,C0055,pool-1-thread-4,PROCESSING,APPROVED,14
2025-08-14 00:11:17,276,C0028,pool-1-thread-4,APPROVED,PROCESSING,18
2025-08-14 00:11:17,291,C0093,pool-1-thread-6,PROCESSING,APPROVED,8
2025-08-14 00:11:17,291,C0089,pool-1-thread-6,APPROVED,PROCESSING,11
2025-08-14 00:11:17,306,C0053,pool-1-thread-1,PROCESSING,APPROVED,7
2025-08-14 00:11:17,306,C0068,pool-1-thread-1,APPROVED,PROCESSING,16
2025-08-14 00:11:17,331,C0070,pool-1-thread-7,PROCESSING,APPROVED,9
2025-08-14 00:11:17,331,C0066,pool-1-thread-7,APPROVED,PROCESSING,6
2025-08-14 00:11:17,339,C0007,pool-1-thread-8,PROCESSING,APPROVED,14
2025-08-14 00:11:17,339,C0088,pool-1-thread-8,APPROVED,PROCESSING,4
2025-08-14 00:11:17,357,C0028,pool-1-thread-4,PROCESSING,APPROVED,18
2025-08-14 00:11:17,357,C0086,pool-1-thread-4,APPROVED,PROCESSING,7
2025-08-14 00:11:17,373,C0106,pool-1-thread-2,PROCESSING,APPROVED,2
2025-08-14 00:11:17,374,C0062,pool-1-thread-2,APPROVED,PROCESSING,17
2025-08-14 00:11:17,436,C0104,pool-1-thread-5,PROCESSING,APPROVED,3
2025-08-14 00:11:17,437,C0018,pool-1-thread-5,APPROVED,PROCESSING,19
2025-08-14 00:11:17,465,C0068,pool-1-thread-1,PROCESSING,APPROVED,16
2025-08-14 00:11:17,465,C0037,pool-1-thread-1,ESCALATED,PROCESSING,12
2025-08-14 00:11:17,470,C0062,pool-1-thread-2,PROCESSING,APPROVED,17
2025-08-14 00:11:17,470,C0099,pool-1-thread-2,APPROVED,PROCESSING,5
2025-08-14 00:11:17,490,C0005,pool-1-thread-3,PROCESSING,APPROVED,13
2025-08-14 00:11:17,490,C0089,pool-1-thread-6,PROCESSING,APPROVED,11
2025-08-14 00:11:17,491,C0055,pool-1-thread-3,APPROVED,PROCESSING,15
2025-08-14 00:11:17,491,C0077,pool-1-thread-6,APPROVED,PROCESSING,20
2025-08-14 00:11:17,511,C0088,pool-1-thread-8,PROCESSING,REJECTED,4
2025-08-14 00:11:17,512,C0110,pool-1-thread-8,PENDING,PROCESSING,1
2025-08-14 00:11:17,548,C0086,pool-1-thread-4,PROCESSING,APPROVED,7
2025-08-14 00:11:17,548,C0053,pool-1-thread-4,APPROVED,PROCESSING,8
2025-08-14 00:11:17,555,C0066,pool-1-thread-7,PROCESSING,APPROVED,6
2025-08-14 00:11:17,555,C0070,pool-1-thread-7,APPROVED,PROCESSING,10
2025-08-14 00:11:17,563,C0037,pool-1-thread-1,PROCESSING,APPROVED,12
2025-08-14 00:11:17,563,C0093,pool-1-thread-1,APPROVED,PROCESSING,9
2025-08-14 00:11:17,634,C0099,pool-1-thread-2,PROCESSING,APPROVED,5
2025-08-14 00:11:17,634,C0007,pool-1-thread-2,APPROVED,PROCESSING,15
2025-08-14 00:11:17,636,C0018,pool-1-thread-5,PROCESSING,APPROVED,19
2025-08-14 00:11:17,636,C0055,pool-1-thread-3,PROCESSING,APPROVED,15
2025-08-14 00:11:17,637,C0106,pool-1-thread-5,APPROVED,PROCESSING,3
2025-08-14 00:11:17,637,C0005,pool-1-thread-3,APPROVED,PROCESSING,14
2025-08-14 00:11:17,655,C0070,pool-1-thread-7,PROCESSING,ESCALATED,10
2025-08-14 00:11:17,656,C0104,pool-1-thread-7,APPROVED,PROCESSING,4
2025-08-14 00:11:17,691,C0007,pool-1-thread-2,PROCESSING,APPROVED,15
2025-08-14 00:11:17,691,C0028,pool-1-thread-2,APPROVED,PROCESSING,19
2025-08-14 00:11:17,691,C0106,pool-1-thread-5,PROCESSING,APPROVED,3
2025-08-14 00:11:17,691,C0089,pool-1-thread-5,APPROVED,PROCESSING,12
2025-08-14 00:11:17,727,C0053,pool-1-thread-4,PROCESSING,APPROVED,8
2025-08-14 00:11:17,727,C0068,pool-1-thread-4,APPROVED,PROCESSING,17
2025-08-14 00:11:17,729,C0077,pool-1-thread-6,PROCESSING,APPROVED,20
2025-08-14 00:11:17,729,C0066,pool-1-thread-6,APPROVED,PROCESSING,7
2025-08-14 00:11:17,736,C0110,pool-1-thread-8,PROCESSING,APPROVED,1
2025-08-14 00:11:17,737,C0088,pool-1-thread-8,REJECTED,PROCESSING,5
2025-08-14 00:11:17,750,C0089,pool-1-thread-5,PROCESSING,APPROVED,12
2025-08-14 00:11:17,750,C0086,pool-1-thread-5,APPROVED,PROCESSING,8
2025-08-14 00:11:17,769,C0028,pool-1-thread-2,PROCESSING,APPROVED,19
2025-08-14 00:11:17,769,C0062,pool-1-thread-2,APPROVED,PROCESSING,18
2025-08-14 00:11:17,784,C0005,pool-1-thread-3,PROCESSING,ESCALATED,14
2025-08-14 00:11:17,784,C0018,pool-1-thread-3,APPROVED,PROCESSING,20
2025-08-14 00:11:17,800,C0093,pool-1-thread-1,PROCESSING,REJECTED,9
2025-08-14 00:11:17,800,C0113,pool-1-thread-1,PENDING,PROCESSING,1
